0 verbose cli /usr/bin/node /usr/bin/npm
1 info using npm@10.8.2
2 info using node@v20.19.6
3 silly config load:file:/usr/lib/node_modules/npm/npmrc
4 silly config load:file:/root/.cache/typescript/5.9/.npmrc
5 silly config load:file:/root/.npmrc
6 silly config load:file:/usr/etc/npmrc
7 verbose title npm install types-registry@latest
8 verbose argv "install" "--ignore-scripts" "types-registry@latest"
9 verbose logfile logs-max:10 dir:/root/.npm/_logs/2025-12-21T20_48_25_094Z-
10 verbose logfile /root/.npm/_logs/2025-12-21T20_48_25_094Z-debug-0.log
11 silly packumentCache heap:2197815296 maxSize:549453824 maxEntrySize:274726912
12 silly logfile start cleaning logs, removing 1 files
13 silly packumentCache corgi:https://registry.npmjs.org/types-registry cache-miss
14 silly logfile done cleaning log files
15 http fetch GET 200 https://registry.npmjs.org/types-registry 199ms (cache revalidated)
16 silly packumentCache corgi:https://registry.npmjs.org/types-registry set size:614692 disposed:false
17 silly idealTree buildDeps
18 silly fetch manifest types-registry@0.1.751
19 silly packumentCache full:https://registry.npmjs.org/types-registry cache-miss
20 http fetch GET 200 https://registry.npmjs.org/types-registry 82ms (cache revalidated)
21 silly packumentCache full:https://registry.npmjs.org/types-registry set size:1319986 disposed:false
22 silly placeDep ROOT types-registry@0.1.751 REPLACE for:  want: 0.1.751
23 silly reify moves {}
24 silly audit bulk request {
24 silly audit   '@types/less': [ '3.0.8' ],
24 silly audit   '@types/lodash': [ '4.17.21' ],
24 silly audit   '@types/node': [ '25.0.3' ],
24 silly audit   '@types/react': [ '19.2.7' ],
24 silly audit   '@types/react-dom': [ '19.2.3' ],
24 silly audit   '@types/stylus': [ '0.48.43' ],
24 silly audit   csstype: [ '3.2.3' ],
24 silly audit   'undici-types': [ '7.16.0' ],
24 silly audit   'types-registry': [ '0.1.751' ]
24 silly audit }
25 http fetch POST 200 https://registry.npmjs.org/-/npm/v1/security/advisories/bulk 209ms
26 silly audit report {}
27 verbose cwd /root/.cache/typescript/5.9
28 verbose os Linux 6.17.4-1-pve
29 verbose node v20.19.6
30 verbose npm  v10.8.2
31 verbose exit 0
32 info ok
