0 verbose cli /usr/bin/node /usr/bin/npm
1 info using npm@10.8.2
2 info using node@v20.19.6
3 silly config load:file:/usr/lib/node_modules/npm/npmrc
4 silly config load:file:/root/frontend/.npmrc
5 silly config load:file:/root/.npmrc
6 silly config load:file:/usr/etc/npmrc
7 verbose title npm install autoprefixer postcss
8 verbose argv "install" "--save-dev" "autoprefixer" "postcss"
9 verbose logfile logs-max:10 dir:/root/.npm/_logs/2025-12-21T20_30_38_509Z-
10 verbose logfile /root/.npm/_logs/2025-12-21T20_30_38_509Z-debug-0.log
11 silly packumentCache heap:2197815296 maxSize:549453824 maxEntrySize:274726912
12 silly logfile start cleaning logs, removing 1 files
13 silly logfile done cleaning log files
14 silly idealTree buildDeps
15 silly fetch manifest autoprefixer@^10.4.20
16 silly packumentCache full:https://registry.npmjs.org/autoprefixer cache-miss
17 http fetch GET 200 https://registry.npmjs.org/autoprefixer 270ms (cache revalidated)
18 silly packumentCache full:https://registry.npmjs.org/autoprefixer set size:1261581 disposed:false
19 silly fetch manifest postcss@^8.4.49
20 silly packumentCache full:https://registry.npmjs.org/postcss cache-miss
21 http fetch GET 200 https://registry.npmjs.org/postcss 72ms (cache revalidated)
22 silly packumentCache full:https://registry.npmjs.org/postcss set size:696248 disposed:false
23 silly placeDep ROOT autoprefixer@10.4.23 REPLACE for: surg-outcomes-frontend@1.0.0 want: ^10.4.20
24 silly placeDep ROOT postcss@8.5.6 REPLACE for: surg-outcomes-frontend@1.0.0 want: ^8.4.49
25 silly reify moves {}
26 silly audit bulk request {
26 silly audit   '@alloc/quick-lru': [ '5.2.0' ],
26 silly audit   '@babel/code-frame': [ '7.27.1' ],
26 silly audit   '@babel/compat-data': [ '7.28.5' ],
26 silly audit   '@babel/core': [ '7.28.5' ],
26 silly audit   semver: [ '6.3.1', '7.7.3' ],
26 silly audit   '@babel/generator': [ '7.28.5' ],
26 silly audit   '@babel/helper-compilation-targets': [ '7.27.2' ],
26 silly audit   '@babel/helper-globals': [ '7.28.0' ],
26 silly audit   '@babel/helper-module-imports': [ '7.27.1' ],
26 silly audit   '@babel/helper-module-transforms': [ '7.28.3' ],
26 silly audit   '@babel/helper-plugin-utils': [ '7.27.1' ],
26 silly audit   '@babel/helper-string-parser': [ '7.27.1' ],
26 silly audit   '@babel/helper-validator-identifier': [ '7.28.5' ],
26 silly audit   '@babel/helper-validator-option': [ '7.27.1' ],
26 silly audit   '@babel/helpers': [ '7.28.4' ],
26 silly audit   '@babel/parser': [ '7.28.5' ],
26 silly audit   '@babel/plugin-transform-react-jsx-self': [ '7.27.1' ],
26 silly audit   '@babel/plugin-transform-react-jsx-source': [ '7.27.1' ],
26 silly audit   '@babel/runtime': [ '7.28.4' ],
26 silly audit   '@babel/template': [ '7.27.2' ],
26 silly audit   '@babel/traverse': [ '7.28.5' ],
26 silly audit   '@babel/types': [ '7.28.5' ],
26 silly audit   '@esbuild/aix-ppc64': [ '0.25.12' ],
26 silly audit   '@esbuild/android-arm': [ '0.25.12' ],
26 silly audit   '@esbuild/android-arm64': [ '0.25.12' ],
26 silly audit   '@esbuild/android-x64': [ '0.25.12' ],
26 silly audit   '@esbuild/darwin-arm64': [ '0.25.12' ],
26 silly audit   '@esbuild/darwin-x64': [ '0.25.12' ],
26 silly audit   '@esbuild/freebsd-arm64': [ '0.25.12' ],
26 silly audit   '@esbuild/freebsd-x64': [ '0.25.12' ],
26 silly audit   '@esbuild/linux-arm': [ '0.25.12' ],
26 silly audit   '@esbuild/linux-arm64': [ '0.25.12' ],
26 silly audit   '@esbuild/linux-ia32': [ '0.25.12' ],
26 silly audit   '@esbuild/linux-loong64': [ '0.25.12' ],
26 silly audit   '@esbuild/linux-mips64el': [ '0.25.12' ],
26 silly audit   '@esbuild/linux-ppc64': [ '0.25.12' ],
26 silly audit   '@esbuild/linux-riscv64': [ '0.25.12' ],
26 silly audit   '@esbuild/linux-s390x': [ '0.25.12' ],
26 silly audit   '@esbuild/linux-x64': [ '0.25.12' ],
26 silly audit   '@esbuild/netbsd-arm64': [ '0.25.12' ],
26 silly audit   '@esbuild/netbsd-x64': [ '0.25.12' ],
26 silly audit   '@esbuild/openbsd-arm64': [ '0.25.12' ],
26 silly audit   '@esbuild/openbsd-x64': [ '0.25.12' ],
26 silly audit   '@esbuild/openharmony-arm64': [ '0.25.12' ],
26 silly audit   '@esbuild/sunos-x64': [ '0.25.12' ],
26 silly audit   '@esbuild/win32-arm64': [ '0.25.12' ],
26 silly audit   '@esbuild/win32-ia32': [ '0.25.12' ],
26 silly audit   '@esbuild/win32-x64': [ '0.25.12' ],
26 silly audit   '@eslint-community/eslint-utils': [ '4.9.0' ],
26 silly audit   '@eslint-community/regexpp': [ '4.12.2' ],
26 silly audit   '@eslint/config-array': [ '0.21.1' ],
26 silly audit   'brace-expansion': [ '1.1.12', '2.0.2' ],
26 silly audit   minimatch: [ '3.1.2', '9.0.5' ],
26 silly audit   '@eslint/config-helpers': [ '0.4.2' ],
26 silly audit   '@eslint/core': [ '0.17.0' ],
26 silly audit   '@eslint/eslintrc': [ '3.3.3' ],
26 silly audit   ignore: [ '5.3.2', '7.0.5' ],
26 silly audit   '@eslint/js': [ '9.39.2' ],
26 silly audit   '@eslint/object-schema': [ '2.1.7' ],
26 silly audit   '@eslint/plugin-kit': [ '0.4.1' ],
26 silly audit   '@floating-ui/core': [ '1.7.3' ],
26 silly audit   '@floating-ui/dom': [ '1.7.4' ],
26 silly audit   '@floating-ui/react': [ '0.26.28' ],
26 silly audit   '@floating-ui/react-dom': [ '2.1.6' ],
26 silly audit   '@floating-ui/utils': [ '0.2.10' ],
26 silly audit   '@headlessui/react': [ '2.2.9' ],
26 silly audit   '@heroicons/react': [ '2.2.0' ],
26 silly audit   '@humanfs/core': [ '0.19.1' ],
26 silly audit   '@humanfs/node': [ '0.16.7' ],
26 silly audit   '@humanwhocodes/module-importer': [ '1.0.1' ],
26 silly audit   '@humanwhocodes/retry': [ '0.4.3' ],
26 silly audit   '@jridgewell/gen-mapping': [ '0.3.13' ],
26 silly audit   '@jridgewell/remapping': [ '2.3.5' ],
26 silly audit   '@jridgewell/resolve-uri': [ '3.1.2' ],
26 silly audit   '@jridgewell/sourcemap-codec': [ '1.5.5' ],
26 silly audit   '@jridgewell/trace-mapping': [ '0.3.31' ],
26 silly audit   '@nodelib/fs.scandir': [ '2.1.5' ],
26 silly audit   '@nodelib/fs.stat': [ '2.0.5' ],
26 silly audit   '@nodelib/fs.walk': [ '1.2.8' ],
26 silly audit   '@react-aria/focus': [ '3.21.3' ],
26 silly audit   '@react-aria/interactions': [ '3.26.0' ],
26 silly audit   '@react-aria/ssr': [ '3.9.10' ],
26 silly audit   '@react-aria/utils': [ '3.32.0' ],
26 silly audit   '@react-stately/flags': [ '3.1.2' ],
26 silly audit   '@react-stately/utils': [ '3.11.0' ],
26 silly audit   '@react-types/shared': [ '3.32.1' ],
26 silly audit   '@remix-run/router': [ '1.23.1' ],
26 silly audit   '@rolldown/pluginutils': [ '1.0.0-beta.27' ],
26 silly audit   '@rollup/rollup-android-arm-eabi': [ '4.54.0' ],
26 silly audit   '@rollup/rollup-android-arm64': [ '4.54.0' ],
26 silly audit   '@rollup/rollup-darwin-arm64': [ '4.54.0' ],
26 silly audit   '@rollup/rollup-darwin-x64': [ '4.54.0' ],
26 silly audit   '@rollup/rollup-freebsd-arm64': [ '4.54.0' ],
26 silly audit   '@rollup/rollup-freebsd-x64': [ '4.54.0' ],
26 silly audit   '@rollup/rollup-linux-arm-gnueabihf': [ '4.54.0' ],
26 silly audit   '@rollup/rollup-linux-arm-musleabihf': [ '4.54.0' ],
26 silly audit   '@rollup/rollup-linux-arm64-gnu': [ '4.54.0' ],
26 silly audit   '@rollup/rollup-linux-arm64-musl': [ '4.54.0' ],
26 silly audit   '@rollup/rollup-linux-loong64-gnu': [ '4.54.0' ],
26 silly audit   '@rollup/rollup-linux-ppc64-gnu': [ '4.54.0' ],
26 silly audit   '@rollup/rollup-linux-riscv64-gnu': [ '4.54.0' ],
26 silly audit   '@rollup/rollup-linux-riscv64-musl': [ '4.54.0' ],
26 silly audit   '@rollup/rollup-linux-s390x-gnu': [ '4.54.0' ],
26 silly audit   '@rollup/rollup-linux-x64-gnu': [ '4.54.0' ],
26 silly audit   '@rollup/rollup-linux-x64-musl': [ '4.54.0' ],
26 silly audit   '@rollup/rollup-openharmony-arm64': [ '4.54.0' ],
26 silly audit   '@rollup/rollup-win32-arm64-msvc': [ '4.54.0' ],
26 silly audit   '@rollup/rollup-win32-ia32-msvc': [ '4.54.0' ],
26 silly audit   '@rollup/rollup-win32-x64-gnu': [ '4.54.0' ],
26 silly audit   '@rollup/rollup-win32-x64-msvc': [ '4.54.0' ],
26 silly audit   '@swc/helpers': [ '0.5.17' ],
26 silly audit   '@tanstack/react-virtual': [ '3.13.13' ],
26 silly audit   '@tanstack/virtual-core': [ '3.13.13' ],
26 silly audit   '@types/babel__core': [ '7.20.5' ],
26 silly audit   '@types/babel__generator': [ '7.27.0' ],
26 silly audit   '@types/babel__template': [ '7.4.4' ],
26 silly audit   '@types/babel__traverse': [ '7.28.0' ],
26 silly audit   '@types/d3-array': [ '3.2.2' ],
26 silly audit   '@types/d3-color': [ '3.1.3' ],
26 silly audit   '@types/d3-ease': [ '3.0.2' ],
26 silly audit   '@types/d3-interpolate': [ '3.0.4' ],
26 silly audit   '@types/d3-path': [ '3.1.1' ],
26 silly audit   '@types/d3-scale': [ '4.0.9' ],
26 silly audit   '@types/d3-shape': [ '3.1.7' ],
26 silly audit   '@types/d3-time': [ '3.0.4' ],
26 silly audit   '@types/d3-timer': [ '3.0.2' ],
26 silly audit   '@types/estree': [ '1.0.8' ],
26 silly audit   '@types/json-schema': [ '7.0.15' ],
26 silly audit   '@types/prop-types': [ '15.7.15' ],
26 silly audit   '@types/react': [ '18.3.27' ],
26 silly audit   '@types/react-dom': [ '18.3.7' ],
26 silly audit   '@typescript-eslint/eslint-plugin': [ '8.50.0' ],
26 silly audit   '@typescript-eslint/parser': [ '8.50.0' ],
26 silly audit   '@typescript-eslint/project-service': [ '8.50.0' ],
26 silly audit   '@typescript-eslint/scope-manager': [ '8.50.0' ],
26 silly audit   '@typescript-eslint/tsconfig-utils': [ '8.50.0' ],
26 silly audit   '@typescript-eslint/type-utils': [ '8.50.0' ],
26 silly audit   '@typescript-eslint/types': [ '8.50.0' ],
26 silly audit   '@typescript-eslint/typescript-estree': [ '8.50.0' ],
26 silly audit   '@typescript-eslint/utils': [ '8.50.0' ],
26 silly audit   '@typescript-eslint/visitor-keys': [ '8.50.0' ],
26 silly audit   'eslint-visitor-keys': [ '4.2.1', '3.4.3' ],
26 silly audit   '@vitejs/plugin-react': [ '4.7.0' ],
26 silly audit   acorn: [ '8.15.0' ],
26 silly audit   'acorn-jsx': [ '5.3.2' ],
26 silly audit   ajv: [ '6.12.6' ],
26 silly audit   'ansi-styles': [ '4.3.0' ],
26 silly audit   'any-promise': [ '1.3.0' ],
26 silly audit   anymatch: [ '3.1.3' ],
26 silly audit   arg: [ '5.0.2' ],
26 silly audit   argparse: [ '2.0.1' ],
26 silly audit   asynckit: [ '0.4.0' ],
26 silly audit   axios: [ '1.13.2' ],
26 silly audit   'balanced-match': [ '1.0.2' ],
26 silly audit   'baseline-browser-mapping': [ '2.9.11' ],
26 silly audit   'binary-extensions': [ '2.3.0' ],
26 silly audit   braces: [ '3.0.3' ],
26 silly audit   browserslist: [ '4.28.1' ],
26 silly audit   'call-bind-apply-helpers': [ '1.0.2' ],
26 silly audit   callsites: [ '3.1.0' ],
26 silly audit   'camelcase-css': [ '2.0.1' ],
26 silly audit   'caniuse-lite': [ '1.0.30001761' ],
26 silly audit   chalk: [ '4.1.2' ],
26 silly audit   chokidar: [ '3.6.0' ],
26 silly audit   'glob-parent': [ '5.1.2', '6.0.2' ],
26 silly audit   clsx: [ '2.1.1' ],
26 silly audit   'color-convert': [ '2.0.1' ],
26 silly audit   'color-name': [ '1.1.4' ],
26 silly audit   'combined-stream': [ '1.0.8' ],
26 silly audit   commander: [ '4.1.1' ],
26 silly audit   'concat-map': [ '0.0.1' ],
26 silly audit   'convert-source-map': [ '2.0.0' ],
26 silly audit   'cross-spawn': [ '7.0.6' ],
26 silly audit   cssesc: [ '3.0.0' ],
26 silly audit   csstype: [ '3.2.3' ],
26 silly audit   'd3-array': [ '3.2.4' ],
26 silly audit   'd3-color': [ '3.1.0' ],
26 silly audit   'd3-ease': [ '3.0.1' ],
26 silly audit   'd3-format': [ '3.1.0' ],
26 silly audit   'd3-interpolate': [ '3.0.1' ],
26 silly audit   'd3-path': [ '3.1.0' ],
26 silly audit   'd3-scale': [ '4.0.2' ],
26 silly audit   'd3-shape': [ '3.2.0' ],
26 silly audit   'd3-time': [ '3.1.0' ],
26 silly audit   'd3-time-format': [ '4.1.0' ],
26 silly audit   'd3-timer': [ '3.0.1' ],
26 silly audit   'date-fns': [ '4.1.0' ],
26 silly audit   debug: [ '4.4.3' ],
26 silly audit   'decimal.js-light': [ '2.5.1' ],
26 silly audit   'deep-is': [ '0.1.4' ],
26 silly audit   'delayed-stream': [ '1.0.0' ],
26 silly audit   didyoumean: [ '1.2.2' ],
26 silly audit   dlv: [ '1.1.3' ],
26 silly audit   'dom-helpers': [ '5.2.1' ],
26 silly audit   'dunder-proto': [ '1.0.1' ],
26 silly audit   'electron-to-chromium': [ '1.5.267' ],
26 silly audit   'es-define-property': [ '1.0.1' ],
26 silly audit   'es-errors': [ '1.3.0' ],
26 silly audit   'es-object-atoms': [ '1.1.1' ],
26 silly audit   'es-set-tostringtag': [ '2.1.0' ],
26 silly audit   esbuild: [ '0.25.12' ],
26 silly audit   escalade: [ '3.2.0' ],
26 silly audit   'escape-string-regexp': [ '4.0.0' ],
26 silly audit   eslint: [ '9.39.2' ],
26 silly audit   'eslint-plugin-react-hooks': [ '5.2.0' ],
26 silly audit   'eslint-plugin-react-refresh': [ '0.4.26' ],
26 silly audit   'eslint-scope': [ '8.4.0' ],
26 silly audit   espree: [ '10.4.0' ],
26 silly audit   esquery: [ '1.6.0' ],
26 silly audit   esrecurse: [ '4.3.0' ],
26 silly audit   estraverse: [ '5.3.0' ],
26 silly audit   esutils: [ '2.0.3' ],
26 silly audit   eventemitter3: [ '4.0.7' ],
26 silly audit   'fast-deep-equal': [ '3.1.3' ],
26 silly audit   'fast-equals': [ '5.4.0' ],
26 silly audit   'fast-glob': [ '3.3.3' ],
26 silly audit   'fast-json-stable-stringify': [ '2.1.0' ],
26 silly audit   'fast-levenshtein': [ '2.0.6' ],
26 silly audit   fastq: [ '1.19.1' ],
26 silly audit   'file-entry-cache': [ '8.0.0' ],
26 silly audit   'fill-range': [ '7.1.1' ],
26 silly audit   'find-up': [ '5.0.0' ],
26 silly audit   'flat-cache': [ '4.0.1' ],
26 silly audit   flatted: [ '3.3.3' ],
26 silly audit   'follow-redirects': [ '1.15.11' ],
26 silly audit   'form-data': [ '4.0.5' ],
26 silly audit   'fraction.js': [ '5.3.4' ],
26 silly audit   fsevents: [ '2.3.3' ],
26 silly audit   'function-bind': [ '1.1.2' ],
26 silly audit   gensync: [ '1.0.0-beta.2' ],
26 silly audit   'get-intrinsic': [ '1.3.0' ],
26 silly audit   'get-proto': [ '1.0.1' ],
26 silly audit   globals: [ '14.0.0' ],
26 silly audit   gopd: [ '1.2.0' ],
26 silly audit   'has-flag': [ '4.0.0' ],
26 silly audit   'has-symbols': [ '1.1.0' ],
26 silly audit   'has-tostringtag': [ '1.0.2' ],
26 silly audit   hasown: [ '2.0.2' ],
26 silly audit   'import-fresh': [ '3.3.1' ],
26 silly audit   imurmurhash: [ '0.1.4' ],
26 silly audit   internmap: [ '2.0.3' ],
26 silly audit   'is-binary-path': [ '2.1.0' ],
26 silly audit   'is-core-module': [ '2.16.1' ],
26 silly audit   'is-extglob': [ '2.1.1' ],
26 silly audit   'is-glob': [ '4.0.3' ],
26 silly audit   'is-number': [ '7.0.0' ],
26 silly audit   isexe: [ '2.0.0' ],
26 silly audit   jiti: [ '1.21.7' ],
26 silly audit   'js-tokens': [ '4.0.0' ],
26 silly audit   'js-yaml': [ '4.1.1' ],
26 silly audit   jsesc: [ '3.1.0' ],
26 silly audit   'json-buffer': [ '3.0.1' ],
26 silly audit   'json-schema-traverse': [ '0.4.1' ],
26 silly audit   'json-stable-stringify-without-jsonify': [ '1.0.1' ],
26 silly audit   json5: [ '2.2.3' ],
26 silly audit   keyv: [ '4.5.4' ],
26 silly audit   levn: [ '0.4.1' ],
26 silly audit   lilconfig: [ '3.1.3' ],
26 silly audit   'lines-and-columns': [ '1.2.4' ],
26 silly audit   'locate-path': [ '6.0.0' ],
26 silly audit   lodash: [ '4.17.21' ],
26 silly audit   'lodash.merge': [ '4.6.2' ],
26 silly audit   'loose-envify': [ '1.4.0' ],
26 silly audit   'lru-cache': [ '5.1.1' ],
26 silly audit   'math-intrinsics': [ '1.1.0' ],
26 silly audit   merge2: [ '1.4.1' ],
26 silly audit   micromatch: [ '4.0.8' ],
26 silly audit   'mime-db': [ '1.52.0' ],
26 silly audit   'mime-types': [ '2.1.35' ],
26 silly audit   ms: [ '2.1.3' ],
26 silly audit   mz: [ '2.7.0' ],
26 silly audit   nanoid: [ '3.3.11' ],
26 silly audit   'natural-compare': [ '1.4.0' ],
26 silly audit   'node-releases': [ '2.0.27' ],
26 silly audit   'normalize-path': [ '3.0.0' ],
26 silly audit   'object-assign': [ '4.1.1' ],
26 silly audit   'object-hash': [ '3.0.0' ],
26 silly audit   optionator: [ '0.9.4' ],
26 silly audit   'p-limit': [ '3.1.0' ],
26 silly audit   'p-locate': [ '5.0.0' ],
26 silly audit   'parent-module': [ '1.0.1' ],
26 silly audit   'path-exists': [ '4.0.0' ],
26 silly audit   'path-key': [ '3.1.1' ],
26 silly audit   'path-parse': [ '1.0.7' ],
26 silly audit   picocolors: [ '1.1.1' ],
26 silly audit   picomatch: [ '2.3.1', '4.0.3' ],
26 silly audit   pify: [ '2.3.0' ],
26 silly audit   pirates: [ '4.0.7' ],
26 silly audit   'postcss-import': [ '15.1.0' ],
26 silly audit   'postcss-js': [ '4.1.0' ],
26 silly audit   'postcss-load-config': [ '6.0.1' ],
26 silly audit   'postcss-nested': [ '6.2.0' ],
26 silly audit   'postcss-selector-parser': [ '6.1.2' ],
26 silly audit   'postcss-value-parser': [ '4.2.0' ],
26 silly audit   'prelude-ls': [ '1.2.1' ],
26 silly audit   'prop-types': [ '15.8.1' ],
26 silly audit   'react-is': [ '16.13.1', '18.3.1' ],
26 silly audit   'proxy-from-env': [ '1.1.0' ],
26 silly audit   punycode: [ '2.3.1' ],
26 silly audit   'queue-microtask': [ '1.2.3' ],
26 silly audit   react: [ '18.3.1' ],
26 silly audit   'react-dom': [ '18.3.1' ],
26 silly audit   'react-refresh': [ '0.17.0' ],
26 silly audit   'react-router': [ '6.30.2' ],
26 silly audit   'react-router-dom': [ '6.30.2' ],
26 silly audit   'react-smooth': [ '4.0.4' ],
26 silly audit   'react-transition-group': [ '4.4.5' ],
26 silly audit   'read-cache': [ '1.0.0' ],
26 silly audit   readdirp: [ '3.6.0' ],
26 silly audit   recharts: [ '2.15.4' ],
26 silly audit   'recharts-scale': [ '0.4.5' ],
26 silly audit   resolve: [ '1.22.11' ],
26 silly audit   'resolve-from': [ '4.0.0' ],
26 silly audit   reusify: [ '1.1.0' ],
26 silly audit   rollup: [ '4.54.0' ],
26 silly audit   'run-parallel': [ '1.2.0' ],
26 silly audit   scheduler: [ '0.23.2' ],
26 silly audit   'shebang-command': [ '2.0.0' ],
26 silly audit   'shebang-regex': [ '3.0.0' ],
26 silly audit   'source-map-js': [ '1.2.1' ],
26 silly audit   'strip-json-comments': [ '3.1.1' ],
26 silly audit   sucrase: [ '3.35.1' ],
26 silly audit   'supports-color': [ '7.2.0' ],
26 silly audit   'supports-preserve-symlinks-flag': [ '1.0.0' ],
26 silly audit   tabbable: [ '6.3.0' ],
26 silly audit   tailwindcss: [ '3.4.19' ],
26 silly audit   thenify: [ '3.3.1' ],
26 silly audit   'thenify-all': [ '1.6.0' ],
26 silly audit   'tiny-invariant': [ '1.3.3' ],
26 silly audit   tinyglobby: [ '0.2.15' ],
26 silly audit   fdir: [ '6.5.0' ],
26 silly audit   'to-regex-range': [ '5.0.1' ],
26 silly audit   'ts-api-utils': [ '2.1.0' ],
26 silly audit   'ts-interface-checker': [ '0.1.13' ],
26 silly audit   tslib: [ '2.8.1' ],
26 silly audit   'type-check': [ '0.4.0' ],
26 silly audit   typescript: [ '5.9.3' ],
26 silly audit   'update-browserslist-db': [ '1.2.3' ],
26 silly audit   'uri-js': [ '4.4.1' ],
26 silly audit   'use-sync-external-store': [ '1.6.0' ],
26 silly audit   'util-deprecate': [ '1.0.2' ],
26 silly audit   'victory-vendor': [ '36.9.2' ],
26 silly audit   vite: [ '6.4.1' ],
26 silly audit   which: [ '2.0.2' ],
26 silly audit   'word-wrap': [ '1.2.5' ],
26 silly audit   yallist: [ '3.1.1' ],
26 silly audit   'yocto-queue': [ '0.1.0' ],
26 silly audit   autoprefixer: [ '10.4.23' ],
26 silly audit   postcss: [ '8.5.6' ]
26 silly audit }
27 verbose reify failed optional dependency /root/frontend/node_modules/fsevents
28 silly reify mark deleted [ '/root/frontend/node_modules/fsevents' ]
29 verbose reify failed optional dependency /root/frontend/node_modules/@rollup/rollup-win32-x64-msvc
30 silly reify mark deleted [ '/root/frontend/node_modules/@rollup/rollup-win32-x64-msvc' ]
31 verbose reify failed optional dependency /root/frontend/node_modules/@rollup/rollup-win32-x64-gnu
32 silly reify mark deleted [ '/root/frontend/node_modules/@rollup/rollup-win32-x64-gnu' ]
33 verbose reify failed optional dependency /root/frontend/node_modules/@rollup/rollup-win32-ia32-msvc
34 silly reify mark deleted [ '/root/frontend/node_modules/@rollup/rollup-win32-ia32-msvc' ]
35 verbose reify failed optional dependency /root/frontend/node_modules/@rollup/rollup-win32-arm64-msvc
36 silly reify mark deleted [ '/root/frontend/node_modules/@rollup/rollup-win32-arm64-msvc' ]
37 verbose reify failed optional dependency /root/frontend/node_modules/@rollup/rollup-openharmony-arm64
38 silly reify mark deleted [ '/root/frontend/node_modules/@rollup/rollup-openharmony-arm64' ]
39 verbose reify failed optional dependency /root/frontend/node_modules/@rollup/rollup-linux-s390x-gnu
40 silly reify mark deleted [ '/root/frontend/node_modules/@rollup/rollup-linux-s390x-gnu' ]
41 verbose reify failed optional dependency /root/frontend/node_modules/@rollup/rollup-linux-riscv64-musl
42 silly reify mark deleted [ '/root/frontend/node_modules/@rollup/rollup-linux-riscv64-musl' ]
43 verbose reify failed optional dependency /root/frontend/node_modules/@rollup/rollup-linux-riscv64-gnu
44 silly reify mark deleted [ '/root/frontend/node_modules/@rollup/rollup-linux-riscv64-gnu' ]
45 verbose reify failed optional dependency /root/frontend/node_modules/@rollup/rollup-linux-ppc64-gnu
46 silly reify mark deleted [ '/root/frontend/node_modules/@rollup/rollup-linux-ppc64-gnu' ]
47 verbose reify failed optional dependency /root/frontend/node_modules/@rollup/rollup-linux-loong64-gnu
48 silly reify mark deleted [ '/root/frontend/node_modules/@rollup/rollup-linux-loong64-gnu' ]
49 verbose reify failed optional dependency /root/frontend/node_modules/@rollup/rollup-linux-arm64-musl
50 silly reify mark deleted [ '/root/frontend/node_modules/@rollup/rollup-linux-arm64-musl' ]
51 verbose reify failed optional dependency /root/frontend/node_modules/@rollup/rollup-linux-arm64-gnu
52 silly reify mark deleted [ '/root/frontend/node_modules/@rollup/rollup-linux-arm64-gnu' ]
53 verbose reify failed optional dependency /root/frontend/node_modules/@rollup/rollup-linux-arm-musleabihf
54 silly reify mark deleted [ '/root/frontend/node_modules/@rollup/rollup-linux-arm-musleabihf' ]
55 verbose reify failed optional dependency /root/frontend/node_modules/@rollup/rollup-linux-arm-gnueabihf
56 silly reify mark deleted [ '/root/frontend/node_modules/@rollup/rollup-linux-arm-gnueabihf' ]
57 verbose reify failed optional dependency /root/frontend/node_modules/@rollup/rollup-freebsd-x64
58 silly reify mark deleted [ '/root/frontend/node_modules/@rollup/rollup-freebsd-x64' ]
59 verbose reify failed optional dependency /root/frontend/node_modules/@rollup/rollup-freebsd-arm64
60 silly reify mark deleted [ '/root/frontend/node_modules/@rollup/rollup-freebsd-arm64' ]
61 verbose reify failed optional dependency /root/frontend/node_modules/@rollup/rollup-darwin-x64
62 silly reify mark deleted [ '/root/frontend/node_modules/@rollup/rollup-darwin-x64' ]
63 verbose reify failed optional dependency /root/frontend/node_modules/@rollup/rollup-darwin-arm64
64 silly reify mark deleted [ '/root/frontend/node_modules/@rollup/rollup-darwin-arm64' ]
65 verbose reify failed optional dependency /root/frontend/node_modules/@rollup/rollup-android-arm64
66 silly reify mark deleted [ '/root/frontend/node_modules/@rollup/rollup-android-arm64' ]
67 verbose reify failed optional dependency /root/frontend/node_modules/@rollup/rollup-android-arm-eabi
68 silly reify mark deleted [ '/root/frontend/node_modules/@rollup/rollup-android-arm-eabi' ]
69 verbose reify failed optional dependency /root/frontend/node_modules/@esbuild/win32-x64
70 silly reify mark deleted [ '/root/frontend/node_modules/@esbuild/win32-x64' ]
71 verbose reify failed optional dependency /root/frontend/node_modules/@esbuild/win32-ia32
72 silly reify mark deleted [ '/root/frontend/node_modules/@esbuild/win32-ia32' ]
73 verbose reify failed optional dependency /root/frontend/node_modules/@esbuild/win32-arm64
74 silly reify mark deleted [ '/root/frontend/node_modules/@esbuild/win32-arm64' ]
75 verbose reify failed optional dependency /root/frontend/node_modules/@esbuild/sunos-x64
76 silly reify mark deleted [ '/root/frontend/node_modules/@esbuild/sunos-x64' ]
77 verbose reify failed optional dependency /root/frontend/node_modules/@esbuild/openharmony-arm64
78 silly reify mark deleted [ '/root/frontend/node_modules/@esbuild/openharmony-arm64' ]
79 verbose reify failed optional dependency /root/frontend/node_modules/@esbuild/openbsd-x64
80 silly reify mark deleted [ '/root/frontend/node_modules/@esbuild/openbsd-x64' ]
81 verbose reify failed optional dependency /root/frontend/node_modules/@esbuild/openbsd-arm64
82 silly reify mark deleted [ '/root/frontend/node_modules/@esbuild/openbsd-arm64' ]
83 verbose reify failed optional dependency /root/frontend/node_modules/@esbuild/netbsd-x64
84 silly reify mark deleted [ '/root/frontend/node_modules/@esbuild/netbsd-x64' ]
85 verbose reify failed optional dependency /root/frontend/node_modules/@esbuild/netbsd-arm64
86 silly reify mark deleted [ '/root/frontend/node_modules/@esbuild/netbsd-arm64' ]
87 verbose reify failed optional dependency /root/frontend/node_modules/@esbuild/linux-s390x
88 silly reify mark deleted [ '/root/frontend/node_modules/@esbuild/linux-s390x' ]
89 verbose reify failed optional dependency /root/frontend/node_modules/@esbuild/linux-riscv64
90 silly reify mark deleted [ '/root/frontend/node_modules/@esbuild/linux-riscv64' ]
91 verbose reify failed optional dependency /root/frontend/node_modules/@esbuild/linux-ppc64
92 silly reify mark deleted [ '/root/frontend/node_modules/@esbuild/linux-ppc64' ]
93 verbose reify failed optional dependency /root/frontend/node_modules/@esbuild/linux-mips64el
94 silly reify mark deleted [ '/root/frontend/node_modules/@esbuild/linux-mips64el' ]
95 verbose reify failed optional dependency /root/frontend/node_modules/@esbuild/linux-loong64
96 silly reify mark deleted [ '/root/frontend/node_modules/@esbuild/linux-loong64' ]
97 verbose reify failed optional dependency /root/frontend/node_modules/@esbuild/linux-ia32
98 silly reify mark deleted [ '/root/frontend/node_modules/@esbuild/linux-ia32' ]
99 verbose reify failed optional dependency /root/frontend/node_modules/@esbuild/linux-arm64
100 silly reify mark deleted [ '/root/frontend/node_modules/@esbuild/linux-arm64' ]
101 verbose reify failed optional dependency /root/frontend/node_modules/@esbuild/linux-arm
102 silly reify mark deleted [ '/root/frontend/node_modules/@esbuild/linux-arm' ]
103 verbose reify failed optional dependency /root/frontend/node_modules/@esbuild/freebsd-x64
104 silly reify mark deleted [ '/root/frontend/node_modules/@esbuild/freebsd-x64' ]
105 verbose reify failed optional dependency /root/frontend/node_modules/@esbuild/freebsd-arm64
106 silly reify mark deleted [ '/root/frontend/node_modules/@esbuild/freebsd-arm64' ]
107 verbose reify failed optional dependency /root/frontend/node_modules/@esbuild/darwin-x64
108 silly reify mark deleted [ '/root/frontend/node_modules/@esbuild/darwin-x64' ]
109 verbose reify failed optional dependency /root/frontend/node_modules/@esbuild/darwin-arm64
110 silly reify mark deleted [ '/root/frontend/node_modules/@esbuild/darwin-arm64' ]
111 verbose reify failed optional dependency /root/frontend/node_modules/@esbuild/android-x64
112 silly reify mark deleted [ '/root/frontend/node_modules/@esbuild/android-x64' ]
113 verbose reify failed optional dependency /root/frontend/node_modules/@esbuild/android-arm64
114 silly reify mark deleted [ '/root/frontend/node_modules/@esbuild/android-arm64' ]
115 verbose reify failed optional dependency /root/frontend/node_modules/@esbuild/android-arm
116 silly reify mark deleted [ '/root/frontend/node_modules/@esbuild/android-arm' ]
117 verbose reify failed optional dependency /root/frontend/node_modules/@esbuild/aix-ppc64
118 silly reify mark deleted [ '/root/frontend/node_modules/@esbuild/aix-ppc64' ]
119 http fetch POST 200 https://registry.npmjs.org/-/npm/v1/security/advisories/bulk 208ms
120 silly audit report {}
121 silly ADD
122 silly ADD
123 silly ADD
124 silly ADD
125 silly ADD
126 silly ADD
127 silly ADD
128 silly ADD
129 silly ADD
130 silly ADD
131 silly ADD
132 silly ADD
133 silly ADD
134 silly ADD
135 silly ADD
136 silly ADD
137 silly ADD
138 silly ADD
139 silly ADD
140 silly ADD
141 silly ADD
142 silly ADD
143 silly ADD
144 silly ADD
145 silly ADD
146 silly ADD
147 silly ADD
148 silly ADD
149 silly ADD
150 silly ADD
151 silly ADD
152 silly ADD
153 silly ADD
154 silly ADD
155 silly ADD
156 silly ADD
157 silly ADD
158 silly ADD
159 silly ADD
160 silly ADD
161 silly ADD
162 silly ADD
163 silly ADD
164 silly ADD
165 silly ADD
166 silly ADD
167 verbose cwd /root/frontend
168 verbose os Linux 6.17.4-1-pve
169 verbose node v20.19.6
170 verbose npm  v10.8.2
171 verbose exit 0
172 info ok
